<?xml version="1.0" encoding="UTF-8"?>
<!-- Generated by org.testng.reporters.JUnitReportReporter -->
<testsuite hostname="RC-IND-D46YBS3" failures="0" tests="2" name="Task_2.apply_leave" time="11.436" errors="0" timestamp="2024-09-26T12:38:33 IST" skipped="0">
  <testcase classname="Task_2.apply_leave" name="loginTest" time="2.549"/>
  <testcase classname="Task_2.apply_leave" name="applyLeave" time="8.887"/>
</testsuite> <!-- Task_2.apply_leave -->
